[      51ms] [ERROR] TypeError: Failed to fetch
    at http://localhost:3000/_next/static/chunks/node_modules_%40supabase_auth-js_dist_module_1vqrmkg._.js:618:23
    at _handleRequest (http://localhost:3000/_next/static/chunks/node_modules_%40supabase_auth-js_dist_module_1vqrmkg._.js:1000:24)
    at _request (http://localhost:3000/_next/static/chunks/node_modules_%40supabase_auth-js_dist_module_1vqrmkg._.js:987:24)
    at http://localhost:3000/_next/static/chunks/node_modules_%40supabase_auth-js_dist_module_1vqrmkg._.js:6375:220
    at SupabaseAuthClient._useSession (http://localhost:3000/_next/static/chunks/node_modules_%40supabase_auth-js_dist_module_1vqrmkg._.js:6168:26)
    at async SupabaseAuthClient._getUser (http://localhost:3000/_next/static/chunks/node_modules_%40supabase_auth-js_dist_module_1vqrmkg._.js:6360:20)
    at async SupabaseAuthClient.getUser (http://localhost:3000/_next/static/chunks/node_modules_%40supabase_auth-js_dist_module_1vqrmkg._.js:6344:22)
    at async hydrate (http://localhost:3000/_next/static/chunks/src_lib_1gpxled._.js:234:62) @ http://localhost:3000/_next/static/chunks/node_modules_next_dist_1ybzpk2._.js:3318
[      52ms] [ERROR] TypeError: Failed to fetch
    at http://localhost:3000/_next/static/chunks/node_modules_%40supabase_auth-js_dist_module_1vqrmkg._.js:618:23
    at _handleRequest (http://localhost:3000/_next/static/chunks/node_modules_%40supabase_auth-js_dist_module_1vqrmkg._.js:1000:24)
    at _request (http://localhost:3000/_next/static/chunks/node_modules_%40supabase_auth-js_dist_module_1vqrmkg._.js:987:24)
    at http://localhost:3000/_next/static/chunks/node_modules_%40supabase_auth-js_dist_module_1vqrmkg._.js:6375:220
    at SupabaseAuthClient._useSession (http://localhost:3000/_next/static/chunks/node_modules_%40supabase_auth-js_dist_module_1vqrmkg._.js:6168:26)
    at async SupabaseAuthClient._getUser (http://localhost:3000/_next/static/chunks/node_modules_%40supabase_auth-js_dist_module_1vqrmkg._.js:6360:20)
    at async SupabaseAuthClient.getUser (http://localhost:3000/_next/static/chunks/node_modules_%40supabase_auth-js_dist_module_1vqrmkg._.js:6344:22)
    at async getAuthenticatedSupabase (http://localhost:3000/_next/static/chunks/src_lib_1gpxled._.js:57:39)
    at async loadRemoteWorkspace (http://localhost:3000/_next/static/chunks/src_1v_8_el._.js:1303:18)
    at async hydrateWorkspace (http://localhost:3000/_next/static/chunks/src_1v_8_el._.js:1941:40) @ http://localhost:3000/_next/static/chunks/node_modules_next_dist_1ybzpk2._.js:3318
[      52ms] [ERROR] TypeError: Failed to fetch
    at http://localhost:3000/_next/static/chunks/node_modules_%40supabase_auth-js_dist_module_1vqrmkg._.js:618:23
    at _handleRequest (http://localhost:3000/_next/static/chunks/node_modules_%40supabase_auth-js_dist_module_1vqrmkg._.js:1000:24)
    at _request (http://localhost:3000/_next/static/chunks/node_modules_%40supabase_auth-js_dist_module_1vqrmkg._.js:987:24)
    at http://localhost:3000/_next/static/chunks/node_modules_%40supabase_auth-js_dist_module_1vqrmkg._.js:6375:220
    at SupabaseAuthClient._useSession (http://localhost:3000/_next/static/chunks/node_modules_%40supabase_auth-js_dist_module_1vqrmkg._.js:6168:26)
    at async SupabaseAuthClient._getUser (http://localhost:3000/_next/static/chunks/node_modules_%40supabase_auth-js_dist_module_1vqrmkg._.js:6360:20)
    at async SupabaseAuthClient.getUser (http://localhost:3000/_next/static/chunks/node_modules_%40supabase_auth-js_dist_module_1vqrmkg._.js:6344:22)
    at async getAuthenticatedSupabase (http://localhost:3000/_next/static/chunks/src_lib_1gpxled._.js:57:39)
    at async loadRemoteWorkspace (http://localhost:3000/_next/static/chunks/src_1v_8_el._.js:1303:18)
    at async hydrateWorkspace (http://localhost:3000/_next/static/chunks/src_1v_8_el._.js:1941:40) @ http://localhost:3000/_next/static/chunks/node_modules_next_dist_1ybzpk2._.js:3318
[      63ms] [INFO] %cDownload the React DevTools for a better development experience: https://react.dev/link/react-devtools font-weight:bold @ http://localhost:3000/_next/static/chunks/node_modules_next_dist_1ybzpk2._.js:2477
[      70ms] [LOG] [HMR] connected @ http://localhost:3000/_next/static/chunks/node_modules_next_dist_1ybzpk2._.js:2477
